<?xml version="1.0" encoding="UTF-8"?>
<testng-results ignored="0" total="1" passed="1" failed="0" skipped="0">
  <reporter-output>
  </reporter-output>
  <suite started-at="2023-12-13T21:04:13 IST" name="Default suite" finished-at="2023-12-13T21:04:22 IST" duration-ms="9193">
    <groups>
    </groups>
    <test started-at="2023-12-13T21:04:13 IST" name="Default test" finished-at="2023-12-13T21:04:22 IST" duration-ms="9193">
      <class name="com.ebank.testcase.TC_LoginTest_01">
        <test-method is-config="true" signature="setUp()[pri:0, instance:com.ebank.testcase.TC_LoginTest_01@3f6b0be5]" started-at="2023-12-13T21:04:13 IST" name="setUp" finished-at="2023-12-13T21:04:16 IST" duration-ms="2985" status="PASS">
          <reporter-output>
          </reporter-output>
        </test-method> <!-- setUp -->
        <test-method signature="loginTest()[pri:0, instance:com.ebank.testcase.TC_LoginTest_01@3f6b0be5]" started-at="2023-12-13T21:04:16 IST" name="loginTest" finished-at="2023-12-13T21:04:22 IST" duration-ms="5949" status="PASS">
          <reporter-output>
          </reporter-output>
        </test-method> <!-- loginTest -->
        <test-method is-config="true" signature="tearDown()[pri:0, instance:com.ebank.testcase.TC_LoginTest_01@3f6b0be5]" started-at="2023-12-13T21:04:22 IST" name="tearDown" finished-at="2023-12-13T21:04:22 IST" duration-ms="213" status="PASS">
          <reporter-output>
          </reporter-output>
        </test-method> <!-- tearDown -->
      </class> <!-- com.ebank.testcase.TC_LoginTest_01 -->
    </test> <!-- Default test -->
  </suite> <!-- Default suite -->
</testng-results>
